{"/Users/treycucco/Projects/test-console/src/index.ts": {"path":"/Users/treycucco/Projects/test-console/src/index.ts","all":false,"statementMap":{"0":{"start":{"line":1,"column":0},"end":{"line":1,"column":60}},"1":{"start":{"line":2,"column":0},"end":{"line":2,"column":55}},"2":{"start":{"line":3,"column":0},"end":{"line":3,"column":34}},"3":{"start":{"line":4,"column":0},"end":{"line":4,"column":0}},"4":{"start":{"line":5,"column":0},"end":{"line":5,"column":45}},"5":{"start":{"line":6,"column":0},"end":{"line":6,"column":25}},"6":{"start":{"line":7,"column":0},"end":{"line":7,"column":29}},"7":{"start":{"line":8,"column":0},"end":{"line":8,"column":23}},"8":{"start":{"line":9,"column":0},"end":{"line":9,"column":1}},"9":{"start":{"line":10,"column":0},"end":{"line":10,"column":0}},"10":{"start":{"line":11,"column":0},"end":{"line":11,"column":50}},"11":{"start":{"line":12,"column":0},"end":{"line":12,"column":0}},"12":{"start":{"line":13,"column":0},"end":{"line":13,"column":29}},"13":{"start":{"line":14,"column":0},"end":{"line":14,"column":36}},"14":{"start":{"line":15,"column":0},"end":{"line":15,"column":19}},"15":{"start":{"line":16,"column":0},"end":{"line":16,"column":3}},"16":{"start":{"line":17,"column":0},"end":{"line":17,"column":18}},"17":{"start":{"line":18,"column":0},"end":{"line":18,"column":16}},"18":{"start":{"line":19,"column":0},"end":{"line":19,"column":24}},"19":{"start":{"line":20,"column":0},"end":{"line":20,"column":31}},"20":{"start":{"line":21,"column":0},"end":{"line":21,"column":6}},"21":{"start":{"line":22,"column":0},"end":{"line":22,"column":43}},"22":{"start":{"line":23,"column":0},"end":{"line":23,"column":0}},"23":{"start":{"line":24,"column":0},"end":{"line":24,"column":38}},"24":{"start":{"line":25,"column":0},"end":{"line":25,"column":57}},"25":{"start":{"line":26,"column":0},"end":{"line":26,"column":59}},"26":{"start":{"line":27,"column":0},"end":{"line":27,"column":0}},"27":{"start":{"line":28,"column":0},"end":{"line":28,"column":50}},"28":{"start":{"line":29,"column":0},"end":{"line":29,"column":11}},"29":{"start":{"line":30,"column":0},"end":{"line":30,"column":50}},"30":{"start":{"line":31,"column":0},"end":{"line":31,"column":0}},"31":{"start":{"line":32,"column":0},"end":{"line":32,"column":70}},"32":{"start":{"line":33,"column":0},"end":{"line":33,"column":25}},"33":{"start":{"line":34,"column":0},"end":{"line":34,"column":20}},"34":{"start":{"line":35,"column":0},"end":{"line":35,"column":59}},"35":{"start":{"line":36,"column":0},"end":{"line":36,"column":12}},"36":{"start":{"line":37,"column":0},"end":{"line":37,"column":9}},"37":{"start":{"line":38,"column":0},"end":{"line":38,"column":20}},"38":{"start":{"line":39,"column":0},"end":{"line":39,"column":23}},"39":{"start":{"line":40,"column":0},"end":{"line":40,"column":18}},"40":{"start":{"line":41,"column":0},"end":{"line":41,"column":57}},"41":{"start":{"line":42,"column":0},"end":{"line":42,"column":10}},"42":{"start":{"line":43,"column":0},"end":{"line":43,"column":7}},"43":{"start":{"line":44,"column":0},"end":{"line":44,"column":6}},"44":{"start":{"line":45,"column":0},"end":{"line":45,"column":5}},"45":{"start":{"line":46,"column":0},"end":{"line":46,"column":2}},"46":{"start":{"line":47,"column":0},"end":{"line":47,"column":0}},"47":{"start":{"line":48,"column":0},"end":{"line":48,"column":50}}},"s":{"0":1,"1":1,"2":1,"3":1,"4":1,"5":1,"6":1,"7":1,"8":1,"9":1,"10":1,"11":1,"12":1,"13":5,"14":5,"15":5,"16":5,"17":5,"18":5,"19":5,"20":5,"21":5,"22":5,"23":5,"24":25,"25":25,"26":25,"27":25,"28":5,"29":5,"30":5,"31":5,"32":3,"33":3,"34":3,"35":3,"36":3,"37":5,"38":1,"39":1,"40":1,"41":1,"42":1,"43":25,"44":5,"45":5,"46":1,"47":1},"branchMap":{"0":{"type":"branch","line":13,"loc":{"start":{"line":13,"column":28},"end":{"line":46,"column":2}},"locations":[{"start":{"line":13,"column":28},"end":{"line":46,"column":2}}]},"1":{"type":"branch","line":24,"loc":{"start":{"line":24,"column":19},"end":{"line":45,"column":3}},"locations":[{"start":{"line":24,"column":19},"end":{"line":45,"column":3}}]},"2":{"type":"branch","line":28,"loc":{"start":{"line":28,"column":36},"end":{"line":44,"column":5}},"locations":[{"start":{"line":28,"column":36},"end":{"line":44,"column":5}}]},"3":{"type":"branch","line":32,"loc":{"start":{"line":32,"column":29},"end":{"line":32,"column":67}},"locations":[{"start":{"line":32,"column":29},"end":{"line":32,"column":67}}]},"4":{"type":"branch","line":32,"loc":{"start":{"line":32,"column":69},"end":{"line":37,"column":9}},"locations":[{"start":{"line":32,"column":69},"end":{"line":37,"column":9}}]},"5":{"type":"branch","line":38,"loc":{"start":{"line":38,"column":8},"end":{"line":43,"column":7}},"locations":[{"start":{"line":38,"column":8},"end":{"line":43,"column":7}}]}},"b":{"0":[5],"1":[25],"2":[5],"3":[3],"4":[3],"5":[1]},"fnMap":{"0":{"name":"patchConsoleMethods","decl":{"start":{"line":13,"column":28},"end":{"line":46,"column":2}},"loc":{"start":{"line":13,"column":28},"end":{"line":46,"column":2}},"line":13},"1":{"name":"global.console.<computed>","decl":{"start":{"line":28,"column":36},"end":{"line":44,"column":5}},"loc":{"start":{"line":28,"column":36},"end":{"line":44,"column":5}},"line":28}},"f":{"0":5,"1":5}}
,"/Users/treycucco/Projects/test-console/src/types.ts": {"path":"/Users/treycucco/Projects/test-console/src/types.ts","all":false,"statementMap":{"0":{"start":{"line":1,"column":0},"end":{"line":1,"column":75}},"1":{"start":{"line":2,"column":0},"end":{"line":2,"column":0}},"2":{"start":{"line":3,"column":0},"end":{"line":3,"column":38}},"3":{"start":{"line":4,"column":0},"end":{"line":4,"column":0}},"4":{"start":{"line":5,"column":0},"end":{"line":5,"column":32}},"5":{"start":{"line":6,"column":0},"end":{"line":6,"column":0}},"6":{"start":{"line":7,"column":0},"end":{"line":7,"column":26}},"7":{"start":{"line":8,"column":0},"end":{"line":8,"column":19}},"8":{"start":{"line":9,"column":0},"end":{"line":9,"column":18}},"9":{"start":{"line":10,"column":0},"end":{"line":10,"column":1}},"10":{"start":{"line":11,"column":0},"end":{"line":11,"column":0}},"11":{"start":{"line":12,"column":0},"end":{"line":12,"column":56}},"12":{"start":{"line":13,"column":0},"end":{"line":13,"column":0}},"13":{"start":{"line":14,"column":0},"end":{"line":14,"column":30}},"14":{"start":{"line":15,"column":0},"end":{"line":15,"column":24}},"15":{"start":{"line":16,"column":0},"end":{"line":16,"column":22}},"16":{"start":{"line":17,"column":0},"end":{"line":17,"column":23}},"17":{"start":{"line":18,"column":0},"end":{"line":18,"column":23}},"18":{"start":{"line":19,"column":0},"end":{"line":19,"column":24}},"19":{"start":{"line":20,"column":0},"end":{"line":20,"column":2}}},"s":{"0":1,"1":1,"2":1,"3":1,"4":1,"5":1,"6":1,"7":1,"8":1,"9":1,"10":1,"11":1,"12":1,"13":1,"14":1,"15":1,"16":1,"17":1,"18":1,"19":1},"branchMap":{},"b":{},"fnMap":{},"f":{}}
,"/Users/treycucco/Projects/test-console/src/utils.ts": {"path":"/Users/treycucco/Projects/test-console/src/utils.ts","all":false,"statementMap":{"0":{"start":{"line":1,"column":0},"end":{"line":1,"column":66}},"1":{"start":{"line":2,"column":0},"end":{"line":2,"column":30}},"2":{"start":{"line":3,"column":0},"end":{"line":3,"column":0}},"3":{"start":{"line":4,"column":0},"end":{"line":4,"column":31}},"4":{"start":{"line":5,"column":0},"end":{"line":5,"column":25}},"5":{"start":{"line":6,"column":0},"end":{"line":6,"column":29}},"6":{"start":{"line":7,"column":0},"end":{"line":7,"column":1}},"7":{"start":{"line":8,"column":0},"end":{"line":8,"column":0}},"8":{"start":{"line":9,"column":0},"end":{"line":9,"column":95}},"9":{"start":{"line":10,"column":0},"end":{"line":10,"column":33}},"10":{"start":{"line":11,"column":0},"end":{"line":11,"column":16}},"11":{"start":{"line":12,"column":0},"end":{"line":12,"column":14}},"12":{"start":{"line":13,"column":0},"end":{"line":13,"column":33}},"13":{"start":{"line":14,"column":0},"end":{"line":14,"column":62}},"14":{"start":{"line":15,"column":0},"end":{"line":15,"column":0}},"15":{"start":{"line":16,"column":0},"end":{"line":16,"column":20}},"16":{"start":{"line":17,"column":0},"end":{"line":17,"column":48}},"17":{"start":{"line":18,"column":0},"end":{"line":18,"column":0}},"18":{"start":{"line":19,"column":0},"end":{"line":19,"column":27}},"19":{"start":{"line":20,"column":0},"end":{"line":20,"column":46}},"20":{"start":{"line":21,"column":0},"end":{"line":21,"column":5}},"21":{"start":{"line":22,"column":0},"end":{"line":22,"column":0}},"22":{"start":{"line":23,"column":0},"end":{"line":23,"column":20}},"23":{"start":{"line":24,"column":0},"end":{"line":24,"column":3}},"24":{"start":{"line":25,"column":0},"end":{"line":25,"column":0}},"25":{"start":{"line":26,"column":0},"end":{"line":26,"column":30}},"26":{"start":{"line":27,"column":0},"end":{"line":27,"column":2}},"27":{"start":{"line":28,"column":0},"end":{"line":28,"column":0}},"28":{"start":{"line":29,"column":0},"end":{"line":29,"column":28}},"29":{"start":{"line":30,"column":0},"end":{"line":30,"column":19}},"30":{"start":{"line":31,"column":0},"end":{"line":31,"column":26}},"31":{"start":{"line":32,"column":0},"end":{"line":32,"column":23}},"32":{"start":{"line":33,"column":0},"end":{"line":33,"column":40}},"33":{"start":{"line":34,"column":0},"end":{"line":34,"column":0}},"34":{"start":{"line":35,"column":0},"end":{"line":35,"column":77}},"35":{"start":{"line":36,"column":0},"end":{"line":36,"column":0}},"36":{"start":{"line":37,"column":0},"end":{"line":37,"column":21}},"37":{"start":{"line":38,"column":0},"end":{"line":38,"column":30}},"38":{"start":{"line":39,"column":0},"end":{"line":39,"column":3}},"39":{"start":{"line":40,"column":0},"end":{"line":40,"column":0}},"40":{"start":{"line":41,"column":0},"end":{"line":41,"column":14}},"41":{"start":{"line":42,"column":0},"end":{"line":42,"column":2}},"42":{"start":{"line":43,"column":0},"end":{"line":43,"column":0}},"43":{"start":{"line":44,"column":0},"end":{"line":44,"column":71}},"44":{"start":{"line":45,"column":0},"end":{"line":45,"column":69}},"45":{"start":{"line":46,"column":0},"end":{"line":46,"column":69}},"46":{"start":{"line":47,"column":0},"end":{"line":47,"column":68}},"47":{"start":{"line":48,"column":0},"end":{"line":48,"column":70}},"48":{"start":{"line":49,"column":0},"end":{"line":49,"column":24}},"49":{"start":{"line":50,"column":0},"end":{"line":50,"column":54}},"50":{"start":{"line":51,"column":0},"end":{"line":51,"column":30}},"51":{"start":{"line":52,"column":0},"end":{"line":52,"column":0}},"52":{"start":{"line":53,"column":0},"end":{"line":53,"column":41}},"53":{"start":{"line":54,"column":0},"end":{"line":54,"column":38}},"54":{"start":{"line":55,"column":0},"end":{"line":55,"column":0}},"55":{"start":{"line":56,"column":0},"end":{"line":56,"column":37}},"56":{"start":{"line":57,"column":0},"end":{"line":57,"column":25}},"57":{"start":{"line":58,"column":0},"end":{"line":58,"column":5}},"58":{"start":{"line":59,"column":0},"end":{"line":59,"column":3}},"59":{"start":{"line":60,"column":0},"end":{"line":60,"column":0}},"60":{"start":{"line":61,"column":0},"end":{"line":61,"column":28}},"61":{"start":{"line":62,"column":0},"end":{"line":62,"column":2}},"62":{"start":{"line":63,"column":0},"end":{"line":63,"column":0}},"63":{"start":{"line":64,"column":0},"end":{"line":64,"column":55}},"64":{"start":{"line":65,"column":0},"end":{"line":65,"column":47}},"65":{"start":{"line":66,"column":0},"end":{"line":66,"column":0}},"66":{"start":{"line":67,"column":0},"end":{"line":67,"column":55}},"67":{"start":{"line":68,"column":0},"end":{"line":68,"column":36}},"68":{"start":{"line":69,"column":0},"end":{"line":69,"column":33}},"69":{"start":{"line":70,"column":0},"end":{"line":70,"column":3}},"70":{"start":{"line":71,"column":0},"end":{"line":71,"column":27}},"71":{"start":{"line":72,"column":0},"end":{"line":72,"column":2}},"72":{"start":{"line":73,"column":0},"end":{"line":73,"column":0}},"73":{"start":{"line":74,"column":0},"end":{"line":74,"column":93}},"74":{"start":{"line":75,"column":0},"end":{"line":75,"column":91}},"75":{"start":{"line":76,"column":0},"end":{"line":76,"column":69}},"76":{"start":{"line":77,"column":0},"end":{"line":77,"column":36}},"77":{"start":{"line":78,"column":0},"end":{"line":78,"column":36}},"78":{"start":{"line":79,"column":0},"end":{"line":79,"column":16}},"79":{"start":{"line":80,"column":0},"end":{"line":80,"column":36}},"80":{"start":{"line":81,"column":0},"end":{"line":81,"column":0}},"81":{"start":{"line":82,"column":0},"end":{"line":82,"column":39}},"82":{"start":{"line":83,"column":0},"end":{"line":83,"column":63}},"83":{"start":{"line":84,"column":0},"end":{"line":84,"column":2}},"84":{"start":{"line":85,"column":0},"end":{"line":85,"column":0}},"85":{"start":{"line":86,"column":0},"end":{"line":86,"column":84}},"86":{"start":{"line":87,"column":0},"end":{"line":87,"column":40}},"87":{"start":{"line":88,"column":0},"end":{"line":88,"column":46}},"88":{"start":{"line":89,"column":0},"end":{"line":89,"column":23}},"89":{"start":{"line":90,"column":0},"end":{"line":90,"column":0}},"90":{"start":{"line":91,"column":0},"end":{"line":91,"column":81}},"91":{"start":{"line":92,"column":0},"end":{"line":92,"column":34}},"92":{"start":{"line":93,"column":0},"end":{"line":93,"column":44}},"93":{"start":{"line":94,"column":0},"end":{"line":94,"column":0}},"94":{"start":{"line":95,"column":0},"end":{"line":95,"column":93}},"95":{"start":{"line":96,"column":0},"end":{"line":96,"column":93}},"96":{"start":{"line":97,"column":0},"end":{"line":97,"column":63}},"97":{"start":{"line":98,"column":0},"end":{"line":98,"column":30}},"98":{"start":{"line":99,"column":0},"end":{"line":99,"column":3}},"99":{"start":{"line":100,"column":0},"end":{"line":100,"column":0}},"100":{"start":{"line":101,"column":0},"end":{"line":101,"column":13}},"101":{"start":{"line":102,"column":0},"end":{"line":102,"column":2}}},"s":{"0":1,"1":1,"2":1,"3":1,"4":1,"5":1,"6":1,"7":1,"8":1,"9":1,"10":8,"11":8,"12":8,"13":8,"14":8,"15":8,"16":6,"17":6,"18":6,"19":1,"20":1,"21":6,"22":6,"23":6,"24":2,"25":2,"26":2,"27":1,"28":1,"29":11,"30":11,"31":11,"32":11,"33":11,"34":11,"35":11,"36":11,"37":8,"38":8,"39":2,"40":2,"41":2,"42":1,"43":1,"44":1,"45":1,"46":1,"47":1,"48":1,"49":1,"50":11,"51":11,"52":11,"53":9,"54":9,"55":9,"56":2,"57":2,"58":9,"59":9,"60":9,"61":9,"62":1,"63":1,"64":1,"65":1,"66":1,"67":19,"68":15,"69":15,"70":4,"71":4,"72":1,"73":1,"74":1,"75":1,"76":1,"77":8,"78":8,"79":8,"80":8,"81":8,"82":8,"83":8,"84":1,"85":1,"86":1,"87":9,"88":9,"89":9,"90":9,"91":9,"92":2,"93":2,"94":2,"95":2,"96":2,"97":2,"98":2,"99":7,"100":7,"101":7},"branchMap":{"0":{"type":"branch","line":10,"loc":{"start":{"line":10,"column":31},"end":{"line":27,"column":2}},"locations":[{"start":{"line":10,"column":31},"end":{"line":27,"column":2}}]},"1":{"type":"branch","line":16,"loc":{"start":{"line":16,"column":19},"end":{"line":24,"column":3}},"locations":[{"start":{"line":16,"column":19},"end":{"line":24,"column":3}}]},"2":{"type":"branch","line":19,"loc":{"start":{"line":19,"column":26},"end":{"line":21,"column":5}},"locations":[{"start":{"line":19,"column":26},"end":{"line":21,"column":5}}]},"3":{"type":"branch","line":24,"loc":{"start":{"line":24,"column":2},"end":{"line":27,"column":2}},"locations":[{"start":{"line":24,"column":2},"end":{"line":27,"column":2}}]},"4":{"type":"branch","line":29,"loc":{"start":{"line":29,"column":27},"end":{"line":42,"column":2}},"locations":[{"start":{"line":29,"column":27},"end":{"line":42,"column":2}}]},"5":{"type":"branch","line":37,"loc":{"start":{"line":37,"column":20},"end":{"line":39,"column":3}},"locations":[{"start":{"line":37,"column":20},"end":{"line":39,"column":3}}]},"6":{"type":"branch","line":39,"loc":{"start":{"line":39,"column":2},"end":{"line":42,"column":2}},"locations":[{"start":{"line":39,"column":2},"end":{"line":42,"column":2}}]},"7":{"type":"branch","line":35,"loc":{"start":{"line":35,"column":34},"end":{"line":35,"column":75}},"locations":[{"start":{"line":35,"column":34},"end":{"line":35,"column":75}}]},"8":{"type":"branch","line":50,"loc":{"start":{"line":50,"column":21},"end":{"line":62,"column":2}},"locations":[{"start":{"line":50,"column":21},"end":{"line":62,"column":2}}]},"9":{"type":"branch","line":53,"loc":{"start":{"line":53,"column":40},"end":{"line":62,"column":2}},"locations":[{"start":{"line":53,"column":40},"end":{"line":62,"column":2}}]},"10":{"type":"branch","line":56,"loc":{"start":{"line":56,"column":36},"end":{"line":58,"column":5}},"locations":[{"start":{"line":56,"column":36},"end":{"line":58,"column":5}}]},"11":{"type":"branch","line":64,"loc":{"start":{"line":64,"column":18},"end":{"line":65,"column":46}},"locations":[{"start":{"line":64,"column":18},"end":{"line":65,"column":46}}]},"12":{"type":"branch","line":65,"loc":{"start":{"line":65,"column":13},"end":{"line":65,"column":45}},"locations":[{"start":{"line":65,"column":13},"end":{"line":65,"column":45}}]},"13":{"type":"branch","line":67,"loc":{"start":{"line":67,"column":19},"end":{"line":72,"column":2}},"locations":[{"start":{"line":67,"column":19},"end":{"line":72,"column":2}}]},"14":{"type":"branch","line":68,"loc":{"start":{"line":68,"column":35},"end":{"line":70,"column":3}},"locations":[{"start":{"line":68,"column":35},"end":{"line":70,"column":3}}]},"15":{"type":"branch","line":70,"loc":{"start":{"line":70,"column":2},"end":{"line":72,"column":2}},"locations":[{"start":{"line":70,"column":2},"end":{"line":72,"column":2}}]},"16":{"type":"branch","line":77,"loc":{"start":{"line":77,"column":35},"end":{"line":84,"column":2}},"locations":[{"start":{"line":77,"column":35},"end":{"line":84,"column":2}}]},"17":{"type":"branch","line":80,"loc":{"start":{"line":80,"column":29},"end":{"line":80,"column":35}},"locations":[{"start":{"line":80,"column":29},"end":{"line":80,"column":35}}]},"18":{"type":"branch","line":83,"loc":{"start":{"line":83,"column":28},"end":{"line":83,"column":61}},"locations":[{"start":{"line":83,"column":28},"end":{"line":83,"column":61}}]},"19":{"type":"branch","line":87,"loc":{"start":{"line":87,"column":18},"end":{"line":102,"column":2}},"locations":[{"start":{"line":87,"column":18},"end":{"line":102,"column":2}}]},"20":{"type":"branch","line":92,"loc":{"start":{"line":92,"column":33},"end":{"line":99,"column":3}},"locations":[{"start":{"line":92,"column":33},"end":{"line":99,"column":3}}]},"21":{"type":"branch","line":98,"loc":{"start":{"line":98,"column":22},"end":{"line":98,"column":29}},"locations":[{"start":{"line":98,"column":22},"end":{"line":98,"column":29}}]},"22":{"type":"branch","line":99,"loc":{"start":{"line":99,"column":2},"end":{"line":102,"column":2}},"locations":[{"start":{"line":99,"column":2},"end":{"line":102,"column":2}}]}},"b":{"0":[8],"1":[6],"2":[1],"3":[2],"4":[11],"5":[8],"6":[2],"7":[19],"8":[11],"9":[9],"10":[2],"11":[19],"12":[19],"13":[19],"14":[15],"15":[4],"16":[8],"17":[0],"18":[164],"19":[9],"20":[2],"21":[0],"22":[7]},"fnMap":{"0":{"name":"getTestLocation","decl":{"start":{"line":10,"column":31},"end":{"line":27,"column":2}},"loc":{"start":{"line":10,"column":31},"end":{"line":27,"column":2}},"line":10},"1":{"name":"getLogLevel","decl":{"start":{"line":29,"column":27},"end":{"line":42,"column":2}},"loc":{"start":{"line":29,"column":27},"end":{"line":42,"column":2}},"line":29},"2":{"name":"prepareArgs","decl":{"start":{"line":50,"column":21},"end":{"line":62,"column":2}},"loc":{"start":{"line":50,"column":21},"end":{"line":62,"column":2}},"line":50},"3":{"name":"argsMatch","decl":{"start":{"line":64,"column":18},"end":{"line":65,"column":46}},"loc":{"start":{"line":64,"column":18},"end":{"line":65,"column":46}},"line":64},"4":{"name":"argMatches","decl":{"start":{"line":67,"column":19},"end":{"line":72,"column":2}},"loc":{"start":{"line":67,"column":19},"end":{"line":72,"column":2}},"line":67},"5":{"name":"getTestFileStackTraceLines","decl":{"start":{"line":77,"column":35},"end":{"line":84,"column":2}},"loc":{"start":{"line":77,"column":35},"end":{"line":84,"column":2}},"line":77},"6":{"name":"toString","decl":{"start":{"line":87,"column":18},"end":{"line":102,"column":2}},"loc":{"start":{"line":87,"column":18},"end":{"line":102,"column":2}},"line":87}},"f":{"0":8,"1":11,"2":11,"3":19,"4":19,"5":8,"6":9}}
}
