TN:
SF:src/index.ts
FN:13,patchConsoleMethods
FN:28,global.console.<computed>
FNF:2
FNH:2
FNDA:5,patchConsoleMethods
FNDA:5,global.console.<computed>
DA:1,1
DA:2,1
DA:3,1
DA:4,1
DA:5,1
DA:6,1
DA:7,1
DA:8,1
DA:9,1
DA:10,1
DA:11,1
DA:12,1
DA:13,1
DA:14,5
DA:15,5
DA:16,5
DA:17,5
DA:18,5
DA:19,5
DA:20,5
DA:21,5
DA:22,5
DA:23,5
DA:24,5
DA:25,25
DA:26,25
DA:27,25
DA:28,25
DA:29,5
DA:30,5
DA:31,5
DA:32,5
DA:33,3
DA:34,3
DA:35,3
DA:36,3
DA:37,3
DA:38,5
DA:39,1
DA:40,1
DA:41,1
DA:42,1
DA:43,1
DA:44,25
DA:45,5
DA:46,5
DA:47,1
DA:48,1
LF:48
LH:48
BRDA:13,0,0,5
BRDA:24,1,0,25
BRDA:28,2,0,5
BRDA:32,3,0,3
BRDA:32,4,0,3
BRDA:38,5,0,1
BRF:6
BRH:6
end_of_record
TN:
SF:src/types.ts
FNF:0
FNH:0
DA:1,1
DA:2,1
DA:3,1
DA:4,1
DA:5,1
DA:6,1
DA:7,1
DA:8,1
DA:9,1
DA:10,1
DA:11,1
DA:12,1
DA:13,1
DA:14,1
DA:15,1
DA:16,1
DA:17,1
DA:18,1
DA:19,1
DA:20,1
LF:20
LH:20
BRF:0
BRH:0
end_of_record
TN:
SF:src/utils.ts
FN:10,getTestLocation
FN:29,getLogLevel
FN:50,prepareArgs
FN:64,argsMatch
FN:67,argMatches
FN:77,getTestFileStackTraceLines
FN:87,toString
FNF:7
FNH:7
FNDA:8,getTestLocation
FNDA:11,getLogLevel
FNDA:11,prepareArgs
FNDA:19,argsMatch
FNDA:19,argMatches
FNDA:8,getTestFileStackTraceLines
FNDA:9,toString
DA:1,1
DA:2,1
DA:3,1
DA:4,1
DA:5,1
DA:6,1
DA:7,1
DA:8,1
DA:9,1
DA:10,1
DA:11,8
DA:12,8
DA:13,8
DA:14,8
DA:15,8
DA:16,8
DA:17,6
DA:18,6
DA:19,6
DA:20,1
DA:21,1
DA:22,6
DA:23,6
DA:24,6
DA:25,2
DA:26,2
DA:27,2
DA:28,1
DA:29,1
DA:30,11
DA:31,11
DA:32,11
DA:33,11
DA:34,11
DA:35,11
DA:36,11
DA:37,11
DA:38,8
DA:39,8
DA:40,2
DA:41,2
DA:42,2
DA:43,1
DA:44,1
DA:45,1
DA:46,1
DA:47,1
DA:48,1
DA:49,1
DA:50,1
DA:51,11
DA:52,11
DA:53,11
DA:54,9
DA:55,9
DA:56,9
DA:57,2
DA:58,2
DA:59,9
DA:60,9
DA:61,9
DA:62,9
DA:63,1
DA:64,1
DA:65,1
DA:66,1
DA:67,1
DA:68,19
DA:69,15
DA:70,15
DA:71,4
DA:72,4
DA:73,1
DA:74,1
DA:75,1
DA:76,1
DA:77,1
DA:78,8
DA:79,8
DA:80,8
DA:81,8
DA:82,8
DA:83,8
DA:84,8
DA:85,1
DA:86,1
DA:87,1
DA:88,9
DA:89,9
DA:90,9
DA:91,9
DA:92,9
DA:93,2
DA:94,2
DA:95,2
DA:96,2
DA:97,2
DA:98,2
DA:99,2
DA:100,7
DA:101,7
DA:102,7
LF:102
LH:102
BRDA:10,0,0,8
BRDA:16,1,0,6
BRDA:19,2,0,1
BRDA:24,3,0,2
BRDA:29,4,0,11
BRDA:37,5,0,8
BRDA:39,6,0,2
BRDA:35,7,0,19
BRDA:50,8,0,11
BRDA:53,9,0,9
BRDA:56,10,0,2
BRDA:64,11,0,19
BRDA:65,12,0,19
BRDA:67,13,0,19
BRDA:68,14,0,15
BRDA:70,15,0,4
BRDA:77,16,0,8
BRDA:80,17,0,0
BRDA:83,18,0,164
BRDA:87,19,0,9
BRDA:92,20,0,2
BRDA:98,21,0,0
BRDA:99,22,0,7
BRF:23
BRH:21
end_of_record
